# JRE version: 7.0_25-b15
# Java VM: Java HotSpot(TM) 64-Bit Server VM (23.25-b01 mixed mode bsd-amd64 compressed oops)
Heap
 PSYoungGen      total 246656K, used 4099K [0x00000007eaab0000, 0x00000007f9fb0000, 0x0000000800000000)
  eden space 245312K, 1% used [0x00000007eaab0000,0x00000007eaeb0c60,0x00000007f9a40000)
  from space 1344K, 0% used [0x00000007f9a40000,0x00000007f9a40000,0x00000007f9b90000)
  to   space 2240K, 0% used [0x00000007f9d80000,0x00000007f9d80000,0x00000007f9fb0000)
 ParOldGen       total 87424K, used 35345K [0x00000007c0000000, 0x00000007c5560000, 0x00000007eaab0000)
  object space 87424K, 40% used [0x00000007c0000000,0x00000007c2284698,0x00000007c5560000)
 PSPermGen       total 51648K, used 50843K [0x00000007bae00000, 0x00000007be070000, 0x00000007c0000000)
  object space 51648K, 98% used [0x00000007bae00000,0x00000007bdfa6ed8,0x00000007be070000)
GC Heap History (10 events):
Event: 22155.715 GC heap before
{Heap before GC invocations=746 (full 369):
 PSYoungGen      total 246592K, used 192K [0x00000007eaab0000, 0x00000007f9bd0000, 0x0000000800000000)
  eden space 246400K, 0% used [0x00000007eaab0000,0x00000007eaab0000,0x00000007f9b50000)
  from space 192K, 100% used [0x00000007f9b50000,0x00000007f9b80000,0x00000007f9b80000)
  to   space 256K, 0% used [0x00000007f9b90000,0x00000007f9b90000,0x00000007f9bd0000)
 ParOldGen       total 87424K, used 33011K [0x00000007c0000000, 0x00000007c5560000, 0x00000007eaab0000)
  object space 87424K, 37% used [0x00000007c0000000,0x00000007c203cc28,0x00000007c5560000)
 PSPermGen       total 50304K, used 49992K [0x00000007bae00000, 0x00000007bdf20000, 0x00000007c0000000)
  object space 50304K, 99% used [0x00000007bae00000,0x00000007bded22d0,0x00000007bdf20000)
Event: 22155.828 GC heap after
Heap after GC invocations=746 (full 369):
 PSYoungGen      total 246592K, used 0K [0x00000007eaab0000, 0x00000007f9bd0000, 0x0000000800000000)
  eden space 246400K, 0% used [0x00000007eaab0000,0x00000007eaab0000,0x00000007f9b50000)
  from space 192K, 0% used [0x00000007f9b50000,0x00000007f9b50000,0x00000007f9b80000)
  to   space 256K, 0% used [0x00000007f9b90000,0x00000007f9b90000,0x00000007f9bd0000)
 ParOldGen       total 87424K, used 33074K [0x00000007c0000000, 0x00000007c5560000, 0x00000007eaab0000)
  object space 87424K, 37% used [0x00000007c0000000,0x00000007c204c9d0,0x00000007c5560000)
 PSPermGen       total 50304K, used 49992K [0x00000007bae00000, 0x00000007bdf20000, 0x00000007c0000000)
  object space 50304K, 99% used [0x00000007bae00000,0x00000007bded21f0,0x00000007bdf20000)
}
Event: 22215.713 GC heap before
{Heap before GC invocations=747 (full 369):
 PSYoungGen      total 246592K, used 160836K [0x00000007eaab0000, 0x00000007f9bd0000, 0x0000000800000000)
  eden space 246400K, 65% used [0x00000007eaab0000,0x00000007f47c1280,0x00000007f9b50000)
  from space 192K, 0% used [0x00000007f9b50000,0x00000007f9b50000,0x00000007f9b80000)
  to   space 256K, 0% used [0x00000007f9b90000,0x00000007f9b90000,0x00000007f9bd0000)
 ParOldGen       total 87424K, used 33074K [0x00000007c0000000, 0x00000007c5560000, 0x00000007eaab0000)
  object space 87424K, 37% used [0x00000007c0000000,0x00000007c204c9d0,0x00000007c5560000)
 PSPermGen       total 50304K, used 50253K [0x00000007bae00000, 0x00000007bdf20000, 0x00000007c0000000)
  object space 50304K, 99% used [0x00000007bae00000,0x00000007bdf137a0,0x00000007bdf20000)
Event: 22215.719 GC heap after
Heap after GC invocations=747 (full 369):
 PSYoungGen      total 245568K, used 224K [0x00000007eaab0000, 0x00000007f9df0000, 0x0000000800000000)
  eden space 245312K, 0% used [0x00000007eaab0000,0x00000007eaab0000,0x00000007f9a40000)
  from space 256K, 87% used [0x00000007f9b90000,0x00000007f9bc8010,0x00000007f9bd0000)
  to   space 1344K, 0% used [0x00000007f9a40000,0x00000007f9a40000,0x00000007f9b90000)
 ParOldGen       total 87424K, used 35963K [0x00000007c0000000, 0x00000007c5560000, 0x00000007eaab0000)
  object space 87424K, 41% used [0x00000007c0000000,0x00000007c231ee00,0x00000007c5560000)
 PSPermGen       total 50304K, used 50253K [0x00000007bae00000, 0x00000007bdf20000, 0x00000007c0000000)
  object space 50304K, 99% used [0x00000007bae00000,0x00000007bdf137a0,0x00000007bdf20000)
}
Event: 22215.719 GC heap before
{Heap before GC invocations=748 (full 370):
 PSYoungGen      total 245568K, used 224K [0x00000007eaab0000, 0x00000007f9df0000, 0x0000000800000000)
  eden space 245312K, 0% used [0x00000007eaab0000,0x00000007eaab0000,0x00000007f9a40000)
  from space 256K, 87% used [0x00000007f9b90000,0x00000007f9bc8010,0x00000007f9bd0000)
  to   space 1344K, 0% used [0x00000007f9a40000,0x00000007f9a40000,0x00000007f9b90000)
 ParOldGen       total 87424K, used 35963K [0x00000007c0000000, 0x00000007c5560000, 0x00000007eaab0000)
  object space 87424K, 41% used [0x00000007c0000000,0x00000007c231ee00,0x00000007c5560000)
 PSPermGen       total 50304K, used 50253K [0x00000007bae00000, 0x00000007bdf20000, 0x00000007c0000000)
  object space 50304K, 99% used [0x00000007bae00000,0x00000007bdf137a0,0x00000007bdf20000)
Event: 22215.849 GC heap after
Heap after GC invocations=748 (full 370):
 PSYoungGen      total 245568K, used 0K [0x00000007eaab0000, 0x00000007f9df0000, 0x0000000800000000)
  eden space 245312K, 0% used [0x00000007eaab0000,0x00000007eaab0000,0x00000007f9a40000)
  from space 256K, 0% used [0x00000007f9b90000,0x00000007f9b90000,0x00000007f9bd0000)
  to   space 1344K, 0% used [0x00000007f9a40000,0x00000007f9a40000,0x00000007f9b90000)
 ParOldGen       total 87424K, used 34438K [0x00000007c0000000, 0x00000007c5560000, 0x00000007eaab0000)
  object space 87424K, 39% used [0x00000007c0000000,0x00000007c21a19a8,0x00000007c5560000)
 PSPermGen       total 51008K, used 50252K [0x00000007bae00000, 0x00000007bdfd0000, 0x00000007c0000000)
  object space 51008K, 98% used [0x00000007bae00000,0x00000007bdf130c0,0x00000007bdfd0000)
}
Event: 22281.961 GC heap before
{Heap before GC invocations=749 (full 370):
 PSYoungGen      total 245568K, used 91381K [0x00000007eaab0000, 0x00000007f9df0000, 0x0000000800000000)
  eden space 245312K, 37% used [0x00000007eaab0000,0x00000007f03ed5f0,0x00000007f9a40000)
  from space 256K, 0% used [0x00000007f9b90000,0x00000007f9b90000,0x00000007f9bd0000)
  to   space 1344K, 0% used [0x00000007f9a40000,0x00000007f9a40000,0x00000007f9b90000)
 ParOldGen       total 87424K, used 34438K [0x00000007c0000000, 0x00000007c5560000, 0x00000007eaab0000)
  object space 87424K, 39% used [0x00000007c0000000,0x00000007c21a19a8,0x00000007c5560000)
 PSPermGen       total 51008K, used 50844K [0x00000007bae00000, 0x00000007bdfd0000, 0x00000007c0000000)
  object space 51008K, 99% used [0x00000007bae00000,0x00000007bdfa7030,0x00000007bdfd0000)
Event: 22281.967 GC heap after
Heap after GC invocations=749 (full 370):
 PSYoungGen      total 246656K, used 1332K [0x00000007eaab0000, 0x00000007f9fb0000, 0x0000000800000000)
  eden space 245312K, 0% used [0x00000007eaab0000,0x00000007eaab0000,0x00000007f9a40000)
  from space 1344K, 99% used [0x00000007f9a40000,0x00000007f9b8d2e8,0x00000007f9b90000)
  to   space 2240K, 0% used [0x00000007f9d80000,0x00000007f9d80000,0x00000007f9fb0000)
 ParOldGen       total 87424K, used 36194K [0x00000007c0000000, 0x00000007c5560000, 0x00000007eaab0000)
  object space 87424K, 41% used [0x00000007c0000000,0x00000007c2358978,0x00000007c5560000)
 PSPermGen       total 51008K, used 50844K [0x00000007bae00000, 0x00000007bdfd0000, 0x00000007c0000000)
  object space 51008K, 99% used [0x00000007bae00000,0x00000007bdfa7030,0x00000007bdfd0000)
}
Event: 22281.967 GC heap before
{Heap before GC invocations=750 (full 371):
 PSYoungGen      total 246656K, used 1332K [0x00000007eaab0000, 0x00000007f9fb0000, 0x0000000800000000)
  eden space 245312K, 0% used [0x00000007eaab0000,0x00000007eaab0000,0x00000007f9a40000)
  from space 1344K, 99% used [0x00000007f9a40000,0x00000007f9b8d2e8,0x00000007f9b90000)
  to   space 2240K, 0% used [0x00000007f9d80000,0x00000007f9d80000,0x00000007f9fb0000)
 ParOldGen       total 87424K, used 36194K [0x00000007c0000000, 0x00000007c5560000, 0x00000007eaab0000)
  object space 87424K, 41% used [0x00000007c0000000,0x00000007c2358978,0x00000007c5560000)
 PSPermGen       total 51008K, used 50844K [0x00000007bae00000, 0x00000007bdfd0000, 0x00000007c0000000)
  object space 51008K, 99% used [0x00000007bae00000,0x00000007bdfa7030,0x00000007bdfd0000)
Event: 22282.089 GC heap after
Heap after GC invocations=750 (full 371):
 PSYoungGen      total 246656K, used 0K [0x00000007eaab0000, 0x00000007f9fb0000, 0x0000000800000000)
  eden space 245312K, 0% used [0x00000007eaab0000,0x00000007eaab0000,0x00000007f9a40000)
  from space 1344K, 0% used [0x00000007f9a40000,0x00000007f9a40000,0x00000007f9b90000)
  to   space 2240K, 0% used [0x00000007f9d80000,0x00000007f9d80000,0x00000007f9fb0000)
 ParOldGen       total 87424K, used 35345K [0x00000007c0000000, 0x00000007c5560000, 0x00000007eaab0000)
  object space 87424K, 40% used [0x00000007c0000000,0x00000007c2284698,0x00000007c5560000)
 PSPermGen       total 51648K, used 50843K [0x00000007bae00000, 0x00000007be070000, 0x00000007c0000000)
  object space 51648K, 98% used [0x00000007bae00000,0x00000007bdfa6d78,0x00000007be070000)
}

