# JRE version: 7.0_25-b15
# Java VM: Java HotSpot(TM) 64-Bit Server VM (23.25-b01 mixed mode bsd-amd64 compressed oops)
Heap
 PSYoungGen      total 194944K, used 26974K [0x00000007eaab0000, 0x00000007f7710000, 0x0000000800000000)
  eden space 182400K, 14% used [0x00000007eaab0000,0x00000007ec507a68,0x00000007f5cd0000)
  from space 12544K, 0% used [0x00000007f6ad0000,0x00000007f6ad0000,0x00000007f7710000)
  to   space 13440K, 0% used [0x00000007f5cd0000,0x00000007f5cd0000,0x00000007f69f0000)
 ParOldGen       total 87424K, used 44162K [0x00000007c0000000, 0x00000007c5560000, 0x00000007eaab0000)
  object space 87424K, 50% used [0x00000007c0000000,0x00000007c2b20948,0x00000007c5560000)
 PSPermGen       total 68992K, used 48030K [0x00000007bae00000, 0x00000007bf160000, 0x00000007c0000000)
  object space 68992K, 69% used [0x00000007bae00000,0x00000007bdce7bc0,0x00000007bf160000)
GC Heap History (10 events):
Event: 653.352 GC heap before
{Heap before GC invocations=39 (full 9):
 PSYoungGen      total 196480K, used 1321K [0x00000007eaab0000, 0x00000007f7a50000, 0x0000000800000000)
  eden space 182400K, 0% used [0x00000007eaab0000,0x00000007eaab0000,0x00000007f5cd0000)
  from space 14080K, 9% used [0x00000007f6c90000,0x00000007f6dda4c8,0x00000007f7a50000)
  to   space 15104K, 0% used [0x00000007f5cd0000,0x00000007f5cd0000,0x00000007f6b90000)
 ParOldGen       total 87424K, used 43854K [0x00000007c0000000, 0x00000007c5560000, 0x00000007eaab0000)
  object space 87424K, 50% used [0x00000007c0000000,0x00000007c2ad3880,0x00000007c5560000)
 PSPermGen       total 79168K, used 47989K [0x00000007bae00000, 0x00000007bfb50000, 0x00000007c0000000)
  object space 79168K, 60% used [0x00000007bae00000,0x00000007bdcdd540,0x00000007bfb50000)
Event: 653.478 GC heap after
Heap after GC invocations=39 (full 9):
 PSYoungGen      total 196480K, used 0K [0x00000007eaab0000, 0x00000007f7a50000, 0x0000000800000000)
  eden space 182400K, 0% used [0x00000007eaab0000,0x00000007eaab0000,0x00000007f5cd0000)
  from space 14080K, 0% used [0x00000007f6c90000,0x00000007f6c90000,0x00000007f7a50000)
  to   space 15104K, 0% used [0x00000007f5cd0000,0x00000007f5cd0000,0x00000007f6b90000)
 ParOldGen       total 87424K, used 44171K [0x00000007c0000000, 0x00000007c5560000, 0x00000007eaab0000)
  object space 87424K, 50% used [0x00000007c0000000,0x00000007c2b22ca0,0x00000007c5560000)
 PSPermGen       total 75456K, used 47988K [0x00000007bae00000, 0x00000007bf7b0000, 0x00000007c0000000)
  object space 75456K, 63% used [0x00000007bae00000,0x00000007bdcdd330,0x00000007bf7b0000)
}
Event: 714.174 GC heap before
{Heap before GC invocations=40 (full 9):
 PSYoungGen      total 196480K, used 106465K [0x00000007eaab0000, 0x00000007f7a50000, 0x0000000800000000)
  eden space 182400K, 58% used [0x00000007eaab0000,0x00000007f12a86c8,0x00000007f5cd0000)
  from space 14080K, 0% used [0x00000007f6c90000,0x00000007f6c90000,0x00000007f7a50000)
  to   space 15104K, 0% used [0x00000007f5cd0000,0x00000007f5cd0000,0x00000007f6b90000)
 ParOldGen       total 87424K, used 44171K [0x00000007c0000000, 0x00000007c5560000, 0x00000007eaab0000)
  object space 87424K, 50% used [0x00000007c0000000,0x00000007c2b22ca0,0x00000007c5560000)
 PSPermGen       total 75456K, used 47999K [0x00000007bae00000, 0x00000007bf7b0000, 0x00000007c0000000)
  object space 75456K, 63% used [0x00000007bae00000,0x00000007bdcdffd8,0x00000007bf7b0000)
Event: 714.177 GC heap after
Heap after GC invocations=40 (full 9):
 PSYoungGen      total 182912K, used 482K [0x00000007eaab0000, 0x00000007f78d0000, 0x0000000800000000)
  eden space 182400K, 0% used [0x00000007eaab0000,0x00000007eaab0000,0x00000007f5cd0000)
  from space 512K, 94% used [0x00000007f5cd0000,0x00000007f5d48818,0x00000007f5d50000)
  to   space 14336K, 0% used [0x00000007f6ad0000,0x00000007f6ad0000,0x00000007f78d0000)
 ParOldGen       total 87424K, used 44171K [0x00000007c0000000, 0x00000007c5560000, 0x00000007eaab0000)
  object space 87424K, 50% used [0x00000007c0000000,0x00000007c2b22ca0,0x00000007c5560000)
 PSPermGen       total 75456K, used 47999K [0x00000007bae00000, 0x00000007bf7b0000, 0x00000007c0000000)
  object space 75456K, 63% used [0x00000007bae00000,0x00000007bdcdffd8,0x00000007bf7b0000)
}
Event: 714.177 GC heap before
{Heap before GC invocations=41 (full 10):
 PSYoungGen      total 182912K, used 482K [0x00000007eaab0000, 0x00000007f78d0000, 0x0000000800000000)
  eden space 182400K, 0% used [0x00000007eaab0000,0x00000007eaab0000,0x00000007f5cd0000)
  from space 512K, 94% used [0x00000007f5cd0000,0x00000007f5d48818,0x00000007f5d50000)
  to   space 14336K, 0% used [0x00000007f6ad0000,0x00000007f6ad0000,0x00000007f78d0000)
 ParOldGen       total 87424K, used 44171K [0x00000007c0000000, 0x00000007c5560000, 0x00000007eaab0000)
  object space 87424K, 50% used [0x00000007c0000000,0x00000007c2b22ca0,0x00000007c5560000)
 PSPermGen       total 75456K, used 47999K [0x00000007bae00000, 0x00000007bf7b0000, 0x00000007c0000000)
  object space 75456K, 63% used [0x00000007bae00000,0x00000007bdcdffd8,0x00000007bf7b0000)
Event: 714.323 GC heap after
Heap after GC invocations=41 (full 10):
 PSYoungGen      total 182912K, used 0K [0x00000007eaab0000, 0x00000007f78d0000, 0x0000000800000000)
  eden space 182400K, 0% used [0x00000007eaab0000,0x00000007eaab0000,0x00000007f5cd0000)
  from space 512K, 0% used [0x00000007f5cd0000,0x00000007f5cd0000,0x00000007f5d50000)
  to   space 14336K, 0% used [0x00000007f6ad0000,0x00000007f6ad0000,0x00000007f78d0000)
 ParOldGen       total 87424K, used 43983K [0x00000007c0000000, 0x00000007c5560000, 0x00000007eaab0000)
  object space 87424K, 50% used [0x00000007c0000000,0x00000007c2af3ef8,0x00000007c5560000)
 PSPermGen       total 72192K, used 47999K [0x00000007bae00000, 0x00000007bf480000, 0x00000007c0000000)
  object space 72192K, 66% used [0x00000007bae00000,0x00000007bdcdff78,0x00000007bf480000)
}
Event: 783.982 GC heap before
{Heap before GC invocations=42 (full 10):
 PSYoungGen      total 182912K, used 119256K [0x00000007eaab0000, 0x00000007f78d0000, 0x0000000800000000)
  eden space 182400K, 65% used [0x00000007eaab0000,0x00000007f1f26060,0x00000007f5cd0000)
  from space 512K, 0% used [0x00000007f5cd0000,0x00000007f5cd0000,0x00000007f5d50000)
  to   space 14336K, 0% used [0x00000007f6ad0000,0x00000007f6ad0000,0x00000007f78d0000)
 ParOldGen       total 87424K, used 43983K [0x00000007c0000000, 0x00000007c5560000, 0x00000007eaab0000)
  object space 87424K, 50% used [0x00000007c0000000,0x00000007c2af3ef8,0x00000007c5560000)
 PSPermGen       total 72192K, used 48018K [0x00000007bae00000, 0x00000007bf480000, 0x00000007c0000000)
  object space 72192K, 66% used [0x00000007bae00000,0x00000007bdce4950,0x00000007bf480000)
Event: 783.987 GC heap after
Heap after GC invocations=42 (full 10):
 PSYoungGen      total 194944K, used 935K [0x00000007eaab0000, 0x00000007f7710000, 0x0000000800000000)
  eden space 182400K, 0% used [0x00000007eaab0000,0x00000007eaab0000,0x00000007f5cd0000)
  from space 12544K, 7% used [0x00000007f6ad0000,0x00000007f6bb9da8,0x00000007f7710000)
  to   space 13440K, 0% used [0x00000007f5cd0000,0x00000007f5cd0000,0x00000007f69f0000)
 ParOldGen       total 87424K, used 43983K [0x00000007c0000000, 0x00000007c5560000, 0x00000007eaab0000)
  object space 87424K, 50% used [0x00000007c0000000,0x00000007c2af3ef8,0x00000007c5560000)
 PSPermGen       total 72192K, used 48018K [0x00000007bae00000, 0x00000007bf480000, 0x00000007c0000000)
  object space 72192K, 66% used [0x00000007bae00000,0x00000007bdce4950,0x00000007bf480000)
}
Event: 783.987 GC heap before
{Heap before GC invocations=43 (full 11):
 PSYoungGen      total 194944K, used 935K [0x00000007eaab0000, 0x00000007f7710000, 0x0000000800000000)
  eden space 182400K, 0% used [0x00000007eaab0000,0x00000007eaab0000,0x00000007f5cd0000)
  from space 12544K, 7% used [0x00000007f6ad0000,0x00000007f6bb9da8,0x00000007f7710000)
  to   space 13440K, 0% used [0x00000007f5cd0000,0x00000007f5cd0000,0x00000007f69f0000)
 ParOldGen       total 87424K, used 43983K [0x00000007c0000000, 0x00000007c5560000, 0x00000007eaab0000)
  object space 87424K, 50% used [0x00000007c0000000,0x00000007c2af3ef8,0x00000007c5560000)
 PSPermGen       total 72192K, used 48018K [0x00000007bae00000, 0x00000007bf480000, 0x00000007c0000000)
  object space 72192K, 66% used [0x00000007bae00000,0x00000007bdce4950,0x00000007bf480000)
Event: 784.120 GC heap after
Heap after GC invocations=43 (full 11):
 PSYoungGen      total 194944K, used 0K [0x00000007eaab0000, 0x00000007f7710000, 0x0000000800000000)
  eden space 182400K, 0% used [0x00000007eaab0000,0x00000007eaab0000,0x00000007f5cd0000)
  from space 12544K, 0% used [0x00000007f6ad0000,0x00000007f6ad0000,0x00000007f7710000)
  to   space 13440K, 0% used [0x00000007f5cd0000,0x00000007f5cd0000,0x00000007f69f0000)
 ParOldGen       total 87424K, used 44162K [0x00000007c0000000, 0x00000007c5560000, 0x00000007eaab0000)
  object space 87424K, 50% used [0x00000007c0000000,0x00000007c2b20948,0x00000007c5560000)
 PSPermGen       total 68992K, used 48018K [0x00000007bae00000, 0x00000007bf160000, 0x00000007c0000000)
  object space 68992K, 69% used [0x00000007bae00000,0x00000007bdce48b0,0x00000007bf160000)
}

